[41;37m./luci-app-autorepeater: has no/multi config file(s), skipping...[0m
[41;37m./luci-app-autorepeater: has no/multi config file(s), skipping...[0m
[41;37m./luci-app-autorepeater: has no/multi config file(s), skipping...[0m
[41;37m./luci-app-autorepeater: has no/multi config file(s), skipping...[0m
[41;37m./luci-app-autorepeater: has no/multi config file(s), skipping...[0m
[41;37m./luci-app-autorepeater: has no/multi config file(s), skipping...[0m
[41;37m./luci-app-autorepeater: has no/multi config file(s), skipping...[0m
[41;37m./luci-app-ddnsto: has no/multi config file(s), skipping...[0m
[41;37m./luci-app-ddnsto: has no/multi config file(s), skipping...[0m
[41;37m./luci-app-ddnsto: has no/multi config file(s), skipping...[0m
[41;37m./luci-app-ddnsto: has no/multi config file(s), skipping...[0m
[41;37m./luci-app-ddnsto: has no/multi config file(s), skipping...[0m
[41;37m./luci-app-diskman: has no/multi config file(s), skipping...[0m
[41;37m./luci-app-diskman: has no/multi config file(s), skipping...[0m
[41;37m./luci-app-diskman: has no/multi config file(s), skipping...[0m
[41;37m./luci-app-diskman: has no/multi config file(s), skipping...[0m
[41;37m./luci-app-dnscrypt-proxy2: has no/multi config file(s), skipping...[0m
[41;37m./luci-app-dnscrypt-proxy2: has no/multi config file(s), skipping...[0m
[41;37m./luci-app-dnscrypt-proxy2: has no/multi config file(s), skipping...[0m
[41;37m./luci-app-dnscrypt-proxy2: has no/multi config file(s), skipping...[0m
[41;37m./luci-app-dnscrypt-proxy2: has no/multi config file(s), skipping...[0m
[41;37m./luci-app-dnsmasq-ipset: has no/multi config file(s), skipping...[0m
[41;37m./luci-app-dnsmasq-ipset: has no/multi config file(s), skipping...[0m
[41;37m./luci-app-dnsmasq-ipset: has no/multi config file(s), skipping...[0m
[41;37m./luci-app-dnsmasq-ipset: has no/multi config file(s), skipping...[0m
[41;37m./luci-app-dnsmasq-ipset: has no/multi config file(s), skipping...[0m
[41;37m./luci-app-dnsmasq-ipset: has no/multi config file(s), skipping...[0m
[41;37m./luci-app-gpsysupgrade: has no/multi config file(s), skipping...[0m
[41;37m./luci-app-gpsysupgrade: has no/multi config file(s), skipping...[0m
[41;37m./luci-app-gpsysupgrade: has no/multi config file(s), skipping...[0m
[41;37m./luci-app-gpsysupgrade: has no/multi config file(s), skipping...[0m
[41;37m./luci-app-gpsysupgrade: has no/multi config file(s), skipping...[0m
[41;37m./luci-app-gpsysupgrade: has no/multi config file(s), skipping...[0m
[41;37m./luci-app-homebridge: has no/multi config file(s), skipping...[0m
[41;37m./luci-app-homebridge: has no/multi config file(s), skipping...[0m
[41;37m./luci-app-homebridge: has no/multi config file(s), skipping...[0m
[41;37m./luci-app-homebridge: has no/multi config file(s), skipping...[0m
[41;37m./luci-app-iptvhelper: has no/multi config file(s), skipping...[0m
[41;37m./luci-app-iptvhelper: has no/multi config file(s), skipping...[0m
[41;37m./luci-app-iptvhelper: has no/multi config file(s), skipping...[0m
[41;37m./luci-app-iptvhelper: has no/multi config file(s), skipping...[0m
[41;37m./luci-app-iptvhelper: has no/multi config file(s), skipping...[0m
[41;37m./luci-app-koolproxyR: has no/multi config file(s), skipping...[0m
[41;37m./luci-app-koolproxyR: has no/multi config file(s), skipping...[0m
[41;37m./luci-app-koolproxyR: has no/multi config file(s), skipping...[0m
[41;37m./luci-app-koolproxyR: has no/multi config file(s), skipping...[0m
[41;37m./luci-app-koolproxyR: has no/multi config file(s), skipping...[0m
[41;37m./luci-app-koolproxyR: has no/multi config file(s), skipping...[0m
[41;37m./luci-app-linkease: has no/multi config file(s), skipping...[0m
[41;37m./luci-app-linkease: has no/multi config file(s), skipping...[0m
[41;37m./luci-app-linkease: has no/multi config file(s), skipping...[0m
[41;37m./luci-app-linkease: has no/multi config file(s), skipping...[0m
[41;37m./luci-app-linkease: has no/multi config file(s), skipping...[0m
[41;37m./luci-app-mentohust: has no/multi config file(s), skipping...[0m
[41;37m./luci-app-mentohust: has no/multi config file(s), skipping...[0m
[41;37m./luci-app-mentohust: has no/multi config file(s), skipping...[0m
[41;37m./luci-app-mentohust: has no/multi config file(s), skipping...[0m
[41;37m./luci-app-mentohust: has no/multi config file(s), skipping...[0m
[41;37m./luci-app-minieap: has no/multi config file(s), skipping...[0m
[41;37m./luci-app-minieap: has no/multi config file(s), skipping...[0m
[41;37m./luci-app-minieap: has no/multi config file(s), skipping...[0m
[41;37m./luci-app-minieap: has no/multi config file(s), skipping...[0m
[41;37m./luci-app-minieap: has no/multi config file(s), skipping...[0m
[41;37m./luci-app-oaf: has no/multi config file(s), skipping...[0m
[41;37m./luci-app-oaf: has no/multi config file(s), skipping...[0m
[41;37m./luci-app-oaf: has no/multi config file(s), skipping...[0m
[41;37m./luci-app-oaf: has no/multi config file(s), skipping...[0m
[41;37m./luci-app-oaf: has no/multi config file(s), skipping...[0m
[41;37m./luci-app-oaf: has no/multi config file(s), skipping...[0m
[41;37m./luci-app-onliner: has no/multi config file(s), skipping...[0m
[41;37m./luci-app-onliner: has no/multi config file(s), skipping...[0m
[41;37m./luci-app-onliner: has no/multi config file(s), skipping...[0m
[41;37m./luci-app-onliner: has no/multi config file(s), skipping...[0m
[41;37m./luci-app-onliner: has no/multi config file(s), skipping...[0m
[41;37m./luci-app-onliner: has no/multi config file(s), skipping...[0m
[41;37m./luci-app-poweroff: has no/multi config file(s), skipping...[0m
[41;37m./luci-app-poweroff: has no/multi config file(s), skipping...[0m
[41;37m./luci-app-poweroff: has no/multi config file(s), skipping...[0m
[41;37m./luci-app-poweroff: has no/multi config file(s), skipping...[0m
[41;37m./luci-app-poweroff: has no/multi config file(s), skipping...[0m
[41;37m./luci-app-poweroff: has no/multi config file(s), skipping...[0m
[41;37m./luci-app-poweroff: has no/multi config file(s), skipping...[0m
[41;37m./luci-app-poweroffdevice: has no/multi config file(s), skipping...[0m
[41;37m./luci-app-poweroffdevice: has no/multi config file(s), skipping...[0m
[41;37m./luci-app-poweroffdevice: has no/multi config file(s), skipping...[0m
[41;37m./luci-app-poweroffdevice: has no/multi config file(s), skipping...[0m
[41;37m./luci-app-poweroffdevice: has no/multi config file(s), skipping...[0m
[41;37m./luci-app-poweroffdevice: has no/multi config file(s), skipping...[0m
[41;37m./luci-app-quickstart: has no/multi config file(s), skipping...[0m
[41;37m./luci-app-quickstart: has no/multi config file(s), skipping...[0m
[41;37m./luci-app-quickstart: has no/multi config file(s), skipping...[0m
[41;37m./luci-app-quickstart: has no/multi config file(s), skipping...[0m
[41;37m./luci-app-quickstart: has no/multi config file(s), skipping...[0m
[41;37m./luci-app-ramfree: has no/multi config file(s), skipping...[0m
[41;37m./luci-app-ramfree: has no/multi config file(s), skipping...[0m
[41;37m./luci-app-ramfree: has no/multi config file(s), skipping...[0m
[41;37m./luci-app-ramfree: has no/multi config file(s), skipping...[0m
[41;37m./luci-app-rtorrent: has no/multi config file(s), skipping...[0m
[41;37m./luci-app-rtorrent: has no/multi config file(s), skipping...[0m
[41;37m./luci-app-rtorrent: has no/multi config file(s), skipping...[0m
[41;37m./luci-app-rtorrent: has no/multi config file(s), skipping...[0m
[41;37m./luci-app-rtorrent: has no/multi config file(s), skipping...[0m
[41;37m./luci-app-rtorrent: has no/multi config file(s), skipping...[0m
[41;37m./luci-app-rtorrent: has no/multi config file(s), skipping...[0m
[41;37m./luci-app-rtorrent: has no/multi config file(s), skipping...[0m
[41;37m./luci-app-smartdns: has no/multi config file(s), skipping...[0m
[41;37m./luci-app-smartdns: has no/multi config file(s), skipping...[0m
[41;37m./luci-app-smartdns: has no/multi config file(s), skipping...[0m
[41;37m./luci-app-smartdns: has no/multi config file(s), skipping...[0m
[41;37m./luci-app-smartdns: has no/multi config file(s), skipping...[0m
[41;37m./luci-app-smartdns: has no/multi config file(s), skipping...[0m
[41;37m./luci-app-store: has no/multi config file(s), skipping...[0m
[41;37m./luci-app-store: has no/multi config file(s), skipping...[0m
[41;37m./luci-app-store: has no/multi config file(s), skipping...[0m
[41;37m./luci-app-store: has no/multi config file(s), skipping...[0m
[41;37m./luci-app-store: has no/multi config file(s), skipping...[0m
[41;37m./luci-app-store: has no/multi config file(s), skipping...[0m
[41;37m./luci-app-store: has no/multi config file(s), skipping...[0m
[41;37m./luci-app-store: has no/multi config file(s), skipping...[0m
[41;37m./luci-app-tencentcloud-cos: has no/multi config file(s), skipping...[0m
[41;37m./luci-app-tencentcloud-cos: has no/multi config file(s), skipping...[0m
[41;37m./luci-app-tencentcloud-cos: has no/multi config file(s), skipping...[0m
[41;37m./luci-app-tencentcloud-cos: has no/multi config file(s), skipping...[0m
[41;37m./luci-app-tencentddns: has no/multi config file(s), skipping...[0m
[41;37m./luci-app-tencentddns: has no/multi config file(s), skipping...[0m
[41;37m./luci-app-tencentddns: has no/multi config file(s), skipping...[0m
[41;37m./luci-app-tencentddns: has no/multi config file(s), skipping...[0m
[41;37m./luci-app-tencentddns: has no/multi config file(s), skipping...[0m
[41;37m./luci-app-tencentddns: has no/multi config file(s), skipping...[0m
[41;37m./luci-app-udp2raw: has no/multi config file(s), skipping...[0m
[41;37m./luci-app-udp2raw: has no/multi config file(s), skipping...[0m
[41;37m./luci-app-udp2raw: has no/multi config file(s), skipping...[0m
[41;37m./luci-app-udp2raw: has no/multi config file(s), skipping...[0m
[41;37m./luci-app-udp2raw: has no/multi config file(s), skipping...[0m
[41;37m./luci-app-udp2raw: has no/multi config file(s), skipping...[0m
[41;37m./luci-app-udp2raw: has no/multi config file(s), skipping...[0m
[41;37m./luci-app-udp2raw: has no/multi config file(s), skipping...[0m
